<?xml version="1.0"?>
<testsuites>
<testsuite name="Root Suite" timestamp="2020-06-10T11:33:43" tests="0" file="cypress\integration\firstTest.spec.js" time="0.0000" failures="0"></testsuite>
<testsuite name="Api test" timestamp="2020-06-10T11:33:43" tests="4" time="10.5930" failures="0">
  
  <testcase name="Api test Mocking responses" time="7.0500" classname="Mocking responses"></testcase>
  
  <testcase name="Api test Mocking responses for articles and feeds" time="3.5430" classname="Mocking responses for articles and feeds"></testcase>
  
</testsuite>

</testsuites>