<?xml version="1.0" encoding="UTF-8"?>
<testsuites name="Mocha Tests" time="9.5560" tests="4" failures="0" skipped="2">
  <testsuite name="Root Suite" timestamp="2020-06-12T16:07:00" tests="0" file="cypress\integration\firstTest.spec.js" time="0.0000" failures="0">
  </testsuite>
  <testsuite name="Api test" timestamp="2020-06-12T16:07:00" tests="4" time="9.5560" failures="0">
    <testcase name="Api test Mocking responses" time="7.4040" classname="Mocking responses">
    </testcase>
    <testcase name="Api test Mocking responses for articles and feeds" time="2.1520" classname="Mocking responses for articles and feeds">
    </testcase>
  </testsuite>
</testsuites>